  camera.cpp
C:\Users\gabri\source\repos\Lost-in-Venice-3D\GameEngine\Camera\camera.h(3,10): error C1083: Cannot open include file: 'glm.hpp': No such file or directory
  (compiling source file 'Camera/camera.cpp')
  
  window.cpp
C:\Users\gabri\source\repos\Lost-in-Venice-3D\GameEngine\Graphics\window.h(2,10): error C1083: Cannot open include file: 'glew.h': No such file or directory
  (compiling source file 'Graphics/window.cpp')
  
  main.cpp
C:\Users\gabri\source\repos\Lost-in-Venice-3D\GameEngine\Graphics\window.h(2,10): error C1083: Cannot open include file: 'glew.h': No such file or directory
  (compiling source file 'main.cpp')
  
  meshLoaderObj.cpp
C:\Users\gabri\source\repos\Lost-in-Venice-3D\GameEngine\Model Loading\meshLoaderObj.h(4,10): error C1083: Cannot open include file: 'glew.h': No such file or directory
  (compiling source file 'Model%20Loading/meshLoaderObj.cpp')
  
  mesh.cpp
C:\Users\gabri\source\repos\Lost-in-Venice-3D\GameEngine\Model Loading\mesh.h(2,10): error C1083: Cannot open include file: 'glm.hpp': No such file or directory
  (compiling source file 'Model%20Loading/mesh.cpp')
  
  shader.cpp
C:\Users\gabri\source\repos\Lost-in-Venice-3D\GameEngine\Shaders\shader.h(3,10): error C1083: Cannot open include file: 'glew.h': No such file or directory
  (compiling source file 'Shaders/shader.cpp')
  
  texture.cpp
C:\Users\gabri\source\repos\Lost-in-Venice-3D\GameEngine\Model Loading\texture.h(2,10): error C1083: Cannot open include file: 'glew.h': No such file or directory
  (compiling source file 'Model%20Loading/texture.cpp')
  
  Generating Code...
